C:\LocalUserData\workspaces\Amazon_1>mvn clean test
[INFO] Scanning for projects...
[INFO]
[INFO] ------------------------------------------------------------------------
[INFO] Building amazon_cucumber_test 0.0.1-SNAPSHOT
[INFO] ------------------------------------------------------------------------
[INFO]
[INFO] --- maven-clean-plugin:2.5:clean (default-clean) @ amazon_cucumber_test ---
[INFO] Deleting C:\LocalUserData\workspaces\Amazon_1\target
[INFO]
[INFO] --- maven-resources-plugin:2.6:resources (default-resources) @ amazon_cucumber_test ---
[WARNING] Using platform encoding (Cp1252 actually) to copy filtered resources, i.e. build is platform dependent!
[INFO] Copying 0 resource
[INFO]
[INFO] --- maven-compiler-plugin:3.1:compile (default-compile) @ amazon_cucumber_test ---
[INFO] Nothing to compile - all classes are up to date
[INFO]
[INFO] --- maven-resources-plugin:2.6:testResources (default-testResources) @ amazon_cucumber_test ---
[WARNING] Using platform encoding (Cp1252 actually) to copy filtered resources, i.e. build is platform dependent!
[INFO] Copying 1 resource
[INFO]
[INFO] --- maven-compiler-plugin:3.1:testCompile (default-testCompile) @ amazon_cucumber_test ---
[INFO] Changes detected - recompiling the module!
[WARNING] File encoding has not been set, using platform encoding Cp1252, i.e. build is platform dependent!
[INFO] Compiling 2 source files to C:\LocalUserData\workspaces\Amazon_1\target\test-classes
[INFO]
[INFO] --- maven-surefire-plugin:2.12.4:test (default-test) @ amazon_cucumber_test ---
[INFO] Surefire report directory: C:\LocalUserData\workspaces\Amazon_1\target\surefire-reports

-------------------------------------------------------
 T E S T S
-------------------------------------------------------
Running StepDefinitions.TestRunner
1614449296441   mozrunner::runner       INFO    Running command: "C:\\Program Files\\Mozilla Firefox\\firefox.exe" "-marionette" "-foreground" "-no-remote" "-profile" "C:\\Users\\K850198\\AppData\\Local\\Temp\\rust_mozprofile.AfpkQhLHFP4m"
Can't find symbol 'eglSwapBuffersWithDamageEXT'.
Can't find symbol 'eglSetDamageRegionKHR'.
JavaScript error: resource://gre/modules/XULStore.jsm, line 66: Error: Can't find profile directory.
console.warn: SearchSettings: "get: No settings file exists, new profile?" (new Error("", "(unknown module)"))
1614449300309   Marionette      INFO    Listening on port 54407
1614449300389   Marionette      WARN    TLS certificate errors will be ignored for this session
helmikuuta 27, 2021 8:08:20 IP. org.openqa.selenium.remote.ProtocolHandshake createSession
INFO: Detected dialect: W3C
.Can't find symbol 'eglSwapBuffersWithDamageEXT'.
Can't find symbol 'eglSetDamageRegionKHR'.
JavaScript error: https://images-na.ssl-images-amazon.com/images/I/11Y+5x+kkTL._RC|51IWYO5M+zL.js,112nmCqUymL.js,11giXtZCwVL.js,01+z+uIeJ-L.js,014NohEdE7L.js,21NNXfMitSL.js,11GXfd3+z+L.js,51gm4oPD2cL.js,11AHlQhPRjL.js,11UNQpqeowL.js,11OREnu1epL.js,11KbZymw5ZL.js,21r53SJg7LL.js,0190vxtlzcL.js,51bbIMIQQwL.js,31KrK+dcMcL.js,01Gf12ogmOL.js,01ezj5Rkz1L.js,11VS-C+YWGL.js,31pOTH2ZMRL.js,01rpauTep4L.js,01zbcJxtbAL.js_.js?AUIClients/AmazonUI&CaxJAe4B#page_type-Gateway.309035-T1, line 150: SyntaxError: FontFaceSet.load: Invalid font shorthand
JavaScript error: https://images-na.ssl-images-amazon.com/images/I/11Y+5x+kkTL._RC|51IWYO5M+zL.js,112nmCqUymL.js,11giXtZCwVL.js,01+z+uIeJ-L.js,014NohEdE7L.js,21NNXfMitSL.js,11GXfd3+z+L.js,51gm4oPD2cL.js,11AHlQhPRjL.js,11UNQpqeowL.js,11OREnu1epL.js,11KbZymw5ZL.js,21r53SJg7LL.js,0190vxtlzcL.js,51bbIMIQQwL.js,31KrK+dcMcL.js,01Gf12ogmOL.js,01ezj5Rkz1L.js,11VS-C+YWGL.js,31pOTH2ZMRL.js,01rpauTep4L.js,01zbcJxtbAL.js_.js?AUIClients/AmazonUI&CaxJAe4B#page_type-Gateway.309035-T1, line 150: SyntaxError: FontFaceSet.load: Invalid font shorthand
JavaScript error: https://images-na.ssl-images-amazon.com/images/I/11Y+5x+kkTL._RC|51IWYO5M+zL.js,112nmCqUymL.js,11giXtZCwVL.js,01+z+uIeJ-L.js,014NohEdE7L.js,21NNXfMitSL.js,11GXfd3+z+L.js,51gm4oPD2cL.js,11AHlQhPRjL.js,11UNQpqeowL.js,11OREnu1epL.js,11KbZymw5ZL.js,21r53SJg7LL.js,0190vxtlzcL.js,51bbIMIQQwL.js,31KrK+dcMcL.js,01Gf12ogmOL.js,01ezj5Rkz1L.js,11VS-C+YWGL.js,31pOTH2ZMRL.js,01rpauTep4L.js,01zbcJxtbAL.js_.js?AUIClients/AmazonUI&CaxJAe4B#page_type-Gateway.309035-T1, line 150: SyntaxError: FontFaceSet.load: Invalid font shorthand
JavaScript error: https://images-na.ssl-images-amazon.com/images/I/11Y+5x+kkTL._RC|51IWYO5M+zL.js,112nmCqUymL.js,11giXtZCwVL.js,01+z+uIeJ-L.js,014NohEdE7L.js,21NNXfMitSL.js,11GXfd3+z+L.js,51gm4oPD2cL.js,11AHlQhPRjL.js,11UNQpqeowL.js,11OREnu1epL.js,11KbZymw5ZL.js,21r53SJg7LL.js,0190vxtlzcL.js,51bbIMIQQwL.js,31KrK+dcMcL.js,01Gf12ogmOL.js,01ezj5Rkz1L.js,11VS-C+YWGL.js,31pOTH2ZMRL.js,01rpauTep4L.js,01zbcJxtbAL.js_.js?AUIClients/AmazonUI&CaxJAe4B#page_type-Gateway.309035-T1, line 150: SyntaxError: FontFaceSet.load: Invalid font shorthand
JavaScript error: https://images-na.ssl-images-amazon.com/images/I/61-6nKPKyWL._RC|11Y+5x+kkTL.js,510-DqpHv3L.js,11HZwqTrxmL.js,11giXtZCwVL.js,01+z+uIeJ-L.js,014VApivrFL.js,21NNXfMitSL.js,11GXfd3+z+L.js,513Ys2IkKiL.js,11AHlQhPRjL.js,01Gpt4sPPhL.js,11OREnu1epL.js,11KbZymw5ZL.js,21r53SJg7LL.js,0190vxtlzcL.js,51A3Le4wx8L.js,3139553HcbL.js,015c-6CIP9L.js,01ezj5Rkz1L.js,11VS-C+YWGL.js,31pOTH2ZMRL.js,01rpauTep4L.js,016o2mNzRuL.js_.js?AUIClients/AmazonUI, line 361: SyntaxError: FontFaceSet.load: Invalid font shorthand
JavaScript error: https://images-na.ssl-images-amazon.com/images/I/61-6nKPKyWL._RC|11Y+5x+kkTL.js,510-DqpHv3L.js,11HZwqTrxmL.js,11giXtZCwVL.js,01+z+uIeJ-L.js,014VApivrFL.js,21NNXfMitSL.js,11GXfd3+z+L.js,513Ys2IkKiL.js,11AHlQhPRjL.js,01Gpt4sPPhL.js,11OREnu1epL.js,11KbZymw5ZL.js,21r53SJg7LL.js,0190vxtlzcL.js,51A3Le4wx8L.js,3139553HcbL.js,015c-6CIP9L.js,01ezj5Rkz1L.js,11VS-C+YWGL.js,31pOTH2ZMRL.js,01rpauTep4L.js,016o2mNzRuL.js_.js?AUIClients/AmazonUI, line 361: SyntaxError: FontFaceSet.load: Invalid font shorthand
JavaScript error: https://images-na.ssl-images-amazon.com/images/I/61-6nKPKyWL._RC|11Y+5x+kkTL.js,510-DqpHv3L.js,11HZwqTrxmL.js,11giXtZCwVL.js,01+z+uIeJ-L.js,014VApivrFL.js,21NNXfMitSL.js,11GXfd3+z+L.js,513Ys2IkKiL.js,11AHlQhPRjL.js,01Gpt4sPPhL.js,11OREnu1epL.js,11KbZymw5ZL.js,21r53SJg7LL.js,0190vxtlzcL.js,51A3Le4wx8L.js,3139553HcbL.js,015c-6CIP9L.js,01ezj5Rkz1L.js,11VS-C+YWGL.js,31pOTH2ZMRL.js,01rpauTep4L.js,016o2mNzRuL.js_.js?AUIClients/AmazonUI, line 361: SyntaxError: FontFaceSet.load: Invalid font shorthand
JavaScript error: https://images-na.ssl-images-amazon.com/images/I/61-6nKPKyWL._RC|11Y+5x+kkTL.js,510-DqpHv3L.js,11HZwqTrxmL.js,11giXtZCwVL.js,01+z+uIeJ-L.js,014VApivrFL.js,21NNXfMitSL.js,11GXfd3+z+L.js,513Ys2IkKiL.js,11AHlQhPRjL.js,01Gpt4sPPhL.js,11OREnu1epL.js,11KbZymw5ZL.js,21r53SJg7LL.js,0190vxtlzcL.js,51A3Le4wx8L.js,3139553HcbL.js,015c-6CIP9L.js,01ezj5Rkz1L.js,11VS-C+YWGL.js,31pOTH2ZMRL.js,01rpauTep4L.js,016o2mNzRuL.js_.js?AUIClients/AmazonUI, line 361: SyntaxError: FontFaceSet.load: Invalid font shorthand
...F
Failed scenarios:
src/test/resources/features/amazonSearch.Feature:12 # This is to launch amazon webpage passing the url as a parameter

1 Scenarios (1 failed)
5 Steps (1 failed, 4 passed)
0m13.995s

java.lang.AssertionError: Nikon D850 FX-Format Digital SLR Camera with Nikon AF-S NIKKOR 500mm f/5.6E PF ED VR Super-Telephoto Lens:Product title does not contain Nikon D3X
        at org.junit.Assert.fail(Assert.java:89)
        at org.junit.Assert.assertTrue(Assert.java:42)
        at StepDefinitions.amazonSearchSteps.verify_the_product_details_contain_Nikon_specifications(amazonSearchSteps.java:79)
        at ?.verify the product details contain Nikon specifications(src/test/resources/features/amazonSearch.Feature:8)


Tests run: 1, Failures: 1, Errors: 0, Skipped: 0, Time elapsed: 14.202 sec <<< FAILURE!
This is to launch amazon webpage passing the url as a parameter(Amazon search Feature)  Time elapsed: 13.851 sec  <<< FAILURE!
java.lang.AssertionError: Nikon D850 FX-Format Digital SLR Camera with Nikon AF-S NIKKOR 500mm f/5.6E PF ED VR Super-Telephoto Lens:Product title does not contain Nikon D3X
        at org.junit.Assert.fail(Assert.java:89)
        at org.junit.Assert.assertTrue(Assert.java:42)
        at StepDefinitions.amazonSearchSteps.verify_the_product_details_contain_Nikon_specifications(amazonSearchSteps.java:79)
        at ?.verify the product details contain Nikon specifications(src/test/resources/features/amazonSearch.Feature:8)


Results :

Failed tests:   This is to launch amazon webpage passing the url as a parameter(Amazon search Feature): Nikon D850 FX-Format Digital SLR Camera with Nikon AF-S NIKKOR 500mm f/5.6E PF ED VR Super-Telephoto Lens:Product title does not contain Nikon D3X

Tests run: 1, Failures: 1, Errors: 0, Skipped: 0

[INFO] ------------------------------------------------------------------------
[INFO] BUILD FAILURE
[INFO] ------------------------------------------------------------------------
[INFO] Total time: 17.344 s
[INFO] Finished at: 2021-02-27T20:08:29+02:00
[INFO] Final Memory: 17M/363M
[INFO] ------------------------------------------------------------------------
[ERROR] Failed to execute goal org.apache.maven.plugins:maven-surefire-plugin:2.12.4:test (default-test) on project amazon_cucumber_test: There are test failures.
[ERROR]
[ERROR] Please refer to C:\LocalUserData\workspaces\Amazon_1\target\surefire-reports for the individual test results.
[ERROR] -> [Help 1]
[ERROR]
[ERROR] To see the full stack trace of the errors, re-run Maven with the -e switch.
[ERROR] Re-run Maven using the -X switch to enable full debug logging.
[ERROR]
[ERROR] For more information about the errors and possible solutions, please read the following articles:
[ERROR] [Help 1] http://cwiki.apache.org/confluence/display/MAVEN/MojoFailureException